2023-01-20 14:57:05,419 - 30 jully -INFO - open neo URL
2023-01-20 14:57:07,353 - 30 jully -INFO - enter user number
2023-01-20 14:57:07,508 - 30 jully -INFO - clicked on button
2023-01-20 14:57:07,565 - 30 jully -INFO - login sucess
2023-01-20 16:13:42,373 - 30 jully -INFO - open neo URL
2023-01-20 16:13:44,969 - 30 jully -INFO - enter user number
2023-01-20 16:13:45,607 - 30 jully -INFO - clicked on button
2023-01-20 16:13:45,669 - 30 jully -INFO - login test sucess
2023-01-20 17:00:48,479 - 30 jully -INFO - open neo URL
2023-01-20 17:00:50,940 - 30 jully -INFO - enter user number
2023-01-20 17:00:51,340 - 30 jully -INFO - clicked on button
2023-01-20 17:00:51,414 - 30 jully -INFO - login sucess
2023-01-20 17:07:41,513 - 30 jully -INFO - open neo URL
2023-01-20 17:07:43,444 - 30 jully -INFO - enter user number
2023-01-20 17:07:49,302 - 30 jully -INFO - clicked on button
2023-01-20 17:07:49,575 - 30 jully -INFO - login sucess
2023-01-20 17:25:11,008 - 30 jully -INFO - open neo URL
2023-01-20 17:25:21,785 - 30 jully -INFO - enter user number
2023-01-20 17:25:28,712 - 30 jully -INFO - clicked on signup
2023-01-20 17:25:28,786 - 30 jully -INFO - login sucess
2023-01-20 17:29:00,802 - 30 jully -INFO - open neo URL
2023-01-20 17:29:01,078 - 30 jully -INFO - enter user number
2023-01-20 17:29:07,818 - 30 jully -INFO - clicked on signup
2023-01-20 17:29:07,922 - 30 jully -INFO - login sucess
2023-01-20 17:29:08,720 - 30 jully -INFO - enter the password
2023-01-20 17:33:52,324 - 30 jully -INFO - open neo URL
2023-01-20 17:33:53,966 - 30 jully -INFO - enter user number
2023-01-20 17:33:58,125 - 30 jully -INFO - clicked on signup
2023-01-20 17:33:58,311 - 30 jully -INFO - login sucess
2023-01-20 17:33:58,438 - 30 jully -INFO - enter the password
2023-01-20 17:36:56,432 - 30 jully -INFO - open neo URL
2023-01-20 17:36:58,604 - 30 jully -INFO - enter user number
2023-01-20 17:37:09,399 - 30 jully -INFO - clicked on signup
2023-01-20 17:37:09,438 - 30 jully -INFO - login sucess
2023-01-20 17:37:09,589 - 30 jully -INFO - enter the password
2023-01-20 17:45:15,975 - 30 jully -INFO - open neo URL
2023-01-20 17:45:17,871 - 30 jully -INFO - enter user number
2023-01-20 17:45:23,047 - 30 jully -INFO - clicked on signup
2023-01-20 17:45:23,246 - 30 jully -INFO - login sucess
2023-01-20 17:45:23,453 - 30 jully -INFO - enter the password
2023-01-20 17:48:51,357 - 30 jully -INFO - open neo URL
2023-01-20 17:49:01,986 - 30 jully -INFO - enter user phonenumber
2023-01-20 17:49:07,486 - 30 jully -INFO - clicked on signup
2023-01-20 17:49:07,618 - 30 jully -INFO - login sucess
2023-01-20 17:49:11,064 - 30 jully -INFO - enter the password
2023-01-20 18:57:24,503 - 30 jully -INFO - open neo URL
2023-01-20 18:57:41,836 - 30 jully -INFO - enter user phonenumber
2023-01-20 18:58:05,688 - 30 jully -INFO - clicked on signup
2023-01-20 18:58:05,810 - 30 jully -INFO - login sucess
2023-01-20 18:58:13,673 - 30 jully -INFO - enter the password
2023-01-20 19:06:14,131 - 30 jully -INFO - open neo URL
2023-01-20 19:06:17,875 - 30 jully -INFO - enter user phonenumber
2023-01-20 19:06:21,225 - 30 jully -INFO - clicked on signup
2023-01-20 19:06:21,280 - 30 jully -INFO - login sucess
2023-01-20 19:06:24,517 - 30 jully -INFO - enter the password
2023-01-20 19:14:14,043 - 30 jully -INFO - open neo URL
2023-01-20 19:14:19,286 - 30 jully -INFO - enter user phonenumber
2023-01-20 20:52:20,576 - 30 jully -INFO - open neo URL
2023-01-20 20:52:23,651 - 30 jully -INFO - enter user phonenumber
2023-01-20 20:52:24,138 - 30 jully -INFO - clicked on signup
2023-01-20 20:52:24,196 - 30 jully -INFO - login sucess
2023-01-20 20:54:36,035 - 30 jully -INFO - open neo URL
2023-01-20 20:54:45,913 - 30 jully -INFO - enter user phonenumber
2023-01-20 20:54:48,129 - 30 jully -INFO - clicked on signup
2023-01-20 20:54:49,510 - 30 jully -INFO - login sucess
2023-01-20 20:54:51,950 - 30 jully -INFO - enter the password
2023-01-21 15:36:42,169 - 30 jully -INFO - open neo URL
2023-01-21 15:36:43,848 - 30 jully -INFO - enter user phonenumber
2023-01-21 15:36:44,309 - 30 jully -INFO - clicked on signup
2023-01-21 15:36:44,374 - 30 jully -INFO - login sucess
2023-01-21 15:53:38,181 - 30 jully -INFO - open neo URL
2023-01-21 15:53:39,485 - 30 jully -INFO - enter user phonenumber
2023-01-21 15:53:39,710 - 30 jully -INFO - clicked on signup
2023-01-21 15:53:39,788 - 30 jully -INFO - login sucess
2023-01-21 15:53:39,907 - 30 jully -INFO - enter the password
2023-01-21 16:01:59,826 - 30 jully -INFO - open neo URL
2023-01-21 16:02:03,997 - 30 jully -INFO - enter user phonenumber
2023-01-21 16:02:04,994 - 30 jully -INFO - clicked on signup
2023-01-21 16:02:05,037 - 30 jully -INFO - login sucess
2023-01-21 16:02:05,147 - 30 jully -INFO - enter the password
2023-01-21 16:02:12,375 - 30 jully -INFO - clicked on submit 
2023-01-23 17:33:40,403 - 30 jully -INFO - open neo URL
2023-01-23 17:33:42,151 - 30 jully -INFO - enter user phonenumber
2023-01-23 17:33:43,410 - 30 jully -INFO - clicked on signup
2023-01-23 17:45:00,484 - 30 jully -INFO - open neo URL
2023-01-23 17:45:04,547 - 30 jully -INFO - enter user phonenumber
2023-01-23 17:45:05,655 - 30 jully -INFO - clicked on signup
2023-01-23 17:46:51,211 - 30 jully -INFO - open neo URL
2023-01-23 17:46:53,517 - 30 jully -INFO - enter user phonenumber
2023-01-23 17:46:57,570 - 30 jully -INFO - clicked on signup
2023-01-23 17:46:57,848 - 30 jully -INFO - enter the password
2023-01-23 17:46:59,861 - 30 jully -INFO - clicked on submit 
2023-01-23 17:49:18,897 - 30 jully -INFO - open neo URL
2023-01-23 17:49:20,708 - 30 jully -INFO - enter user phonenumber
2023-01-23 17:49:21,406 - 30 jully -INFO - clicked on signup
2023-01-23 17:49:21,507 - 30 jully -INFO - enter the password
2023-01-23 17:49:22,985 - 30 jully -INFO - clicked on submit 
2023-01-23 17:51:38,912 - 30 jully -INFO - open neo URL
2023-01-23 17:51:39,600 - 30 jully -INFO - enter user phonenumber
2023-01-23 17:51:51,035 - 30 jully -INFO - clicked on signup
2023-01-23 17:51:51,415 - 30 jully -INFO - enter the password
2023-01-23 17:51:52,097 - 30 jully -INFO - clicked on submit 
2023-01-23 17:55:16,467 - 30 jully -INFO - open neo URL
2023-01-23 17:55:20,436 - 30 jully -INFO - enter user phonenumber
2023-01-23 17:55:21,413 - 30 jully -INFO - clicked on signup
2023-01-23 17:57:49,393 - 30 jully -INFO - open neo URL
2023-01-23 17:57:50,762 - 30 jully -INFO - enter user phonenumber
2023-01-23 17:57:51,178 - 30 jully -INFO - clicked on signup
2023-01-23 17:57:53,178 - 30 jully -INFO - enter the password
2023-01-23 17:57:53,276 - 30 jully -INFO - clicked on submit 
2023-01-23 19:32:51,364 - 30 jully -INFO - open neo URL
2023-01-23 19:32:55,365 - 30 jully -INFO - enter user phonenumber
2023-01-23 19:32:55,664 - 30 jully -INFO - clicked on signup
2023-01-23 19:32:55,788 - 30 jully -INFO - enter the password
2023-01-23 19:32:58,060 - 30 jully -INFO - clicked on submit 
2023-01-23 19:34:14,931 - 30 jully -INFO - open neo URL
2023-01-23 19:34:17,138 - 30 jully -INFO - enter user phonenumber
2023-01-23 19:34:17,692 - 30 jully -INFO - clicked on signup
2023-01-23 19:34:17,849 - 30 jully -INFO - enter the password
2023-01-23 19:34:21,521 - 30 jully -INFO - clicked on submit 
2023-01-23 19:36:09,886 - 30 jully -INFO - open neo URL
2023-01-23 19:36:10,122 - 30 jully -INFO - enter user phonenumber
2023-01-23 19:36:14,082 - 30 jully -INFO - clicked on signup
2023-01-23 19:36:17,275 - 30 jully -INFO - enter the password
2023-01-23 19:36:19,635 - 30 jully -INFO - clicked on submit 
2023-01-23 19:37:41,440 - 30 jully -INFO - open neo URL
2023-01-23 19:37:44,119 - 30 jully -INFO - enter user phonenumber
2023-01-23 19:37:44,347 - 30 jully -INFO - clicked on signup
2023-01-23 19:37:47,605 - 30 jully -INFO - enter the password
2023-01-23 19:37:49,180 - 30 jully -INFO - clicked on submit 
2023-01-23 19:41:51,463 - 30 jully -INFO - open neo URL
2023-01-23 19:42:05,154 - 30 jully -INFO - enter user phonenumber
2023-01-23 19:42:10,286 - 30 jully -INFO - clicked on signup
2023-01-23 19:42:15,201 - 30 jully -INFO - enter the password
2023-01-23 19:42:15,509 - 30 jully -INFO - clicked on submit 
2023-01-23 19:45:10,926 - 30 jully -INFO - open neo URL
2023-01-23 19:45:11,138 - 30 jully -INFO - enter user phonenumber
2023-01-23 19:45:12,756 - 30 jully -INFO - clicked on signup
2023-01-23 19:45:16,055 - 30 jully -INFO - enter the password
2023-01-23 19:45:16,330 - 30 jully -INFO - clicked on submit 
2023-01-23 19:46:22,161 - 30 jully -INFO - open neo URL
2023-01-23 19:46:22,426 - 30 jully -INFO - enter user phonenumber
2023-01-23 19:46:24,275 - 30 jully -INFO - clicked on signup
2023-01-23 19:46:27,550 - 30 jully -INFO - enter the password
2023-01-23 19:46:28,812 - 30 jully -INFO - clicked on submit 
2023-01-23 19:46:28,869 - 30 jully -INFO - login sucess
2023-01-23 21:55:47,583 - 30 jully -INFO - openurl
2023-01-23 21:56:03,632 - 30 jully -INFO - text filled by phone number
2023-01-23 21:56:04,408 - 30 jully -INFO - signuped
2023-01-23 21:56:04,538 - 30 jully -INFO - password passed in text
2023-01-23 21:56:17,348 - 30 jully -INFO - clicked on submit
2023-01-23 22:08:32,508 - 30 jully -INFO - openurl
2023-01-23 22:08:37,787 - 30 jully -INFO - text filled by phone number
2023-01-23 22:08:38,759 - 30 jully -INFO - signuped
2023-01-23 22:14:21,026 - 30 jully -INFO - openurl
2023-01-23 22:14:22,734 - 30 jully -INFO - text filled by phone number
2023-01-23 22:14:23,138 - 30 jully -INFO - signuped
2023-01-23 22:14:23,243 - 30 jully -INFO - password passed in text
2023-01-23 22:14:28,550 - 30 jully -INFO - clicked on submit
2023-01-23 22:16:51,400 - 30 jully -INFO - openurl
2023-01-23 22:16:53,881 - 30 jully -INFO - text filled by phone number
2023-01-23 22:16:54,192 - 30 jully -INFO - signuped
2023-01-23 22:17:06,191 - 30 jully -INFO - password passed in text
2023-01-23 22:17:12,600 - 30 jully -INFO - clicked on submit
2023-01-23 22:20:32,047 - 30 jully -INFO - openurl
2023-01-23 22:20:33,376 - 30 jully -INFO - text filled by phone number
2023-01-23 22:20:33,585 - 30 jully -INFO - signuped
2023-01-23 22:20:36,725 - 30 jully -INFO - password passed in text
2023-01-23 22:20:36,838 - 30 jully -INFO - clicked on submit
2023-01-23 22:22:58,177 - 30 jully -INFO - openurl
2023-01-23 22:22:58,789 - 30 jully -INFO - text filled by phone number
2023-01-23 22:23:01,045 - 30 jully -INFO - signuped
2023-01-23 22:23:04,286 - 30 jully -INFO - password passed in text
2023-01-23 22:23:08,427 - 30 jully -INFO - clicked on submit
2023-01-23 22:24:28,480 - 30 jully -INFO - openurl
2023-01-23 22:24:28,853 - 30 jully -INFO - text filled by phone number
2023-01-23 22:24:30,854 - 30 jully -INFO - signuped
2023-01-23 22:24:34,011 - 30 jully -INFO - password passed in text
2023-01-23 22:26:08,010 - 30 jully -INFO - openurl
2023-01-23 22:26:15,085 - 30 jully -INFO - text filled by phone number
2023-01-23 22:26:15,989 - 30 jully -INFO - signuped
2023-01-23 22:26:22,944 - 30 jully -INFO - password passed in text
2023-01-23 22:26:23,045 - 30 jully -INFO - clicked on submit
2023-01-23 22:30:11,816 - 30 jully -INFO - openurl
2023-01-23 22:30:13,203 - 30 jully -INFO - text filled by phone number
2023-01-23 22:30:13,423 - 30 jully -INFO - signuped
2023-01-23 22:30:16,736 - 30 jully -INFO - password passed in text
2023-01-23 22:32:02,428 - 30 jully -INFO - openurl
2023-01-23 22:32:09,497 - 30 jully -INFO - text filled by phone number
2023-01-23 22:32:11,119 - 30 jully -INFO - signuped
2023-01-23 22:32:18,013 - 30 jully -INFO - password passed in text
2023-01-23 22:32:18,118 - 30 jully -INFO - clicked on submit
2023-01-23 22:35:50,012 - 30 jully -INFO - openurl
2023-01-23 22:35:56,858 - 30 jully -INFO - text filled by phone number
2023-01-23 22:35:59,120 - 30 jully -INFO - signuped
2023-01-23 22:36:02,521 - 30 jully -INFO - password passed in text
2023-01-23 22:36:02,615 - 30 jully -INFO - clicked on submit
2023-01-23 22:39:19,767 - 30 jully -INFO - openurl
2023-01-23 22:39:20,169 - 30 jully -INFO - text filled by phone number
2023-01-23 22:39:22,309 - 30 jully -INFO - signuped
2023-01-23 22:39:25,540 - 30 jully -INFO - password passed in text
2023-01-23 22:39:25,626 - 30 jully -INFO - clicked on submit
2023-01-24 15:21:21,887 - 30 jully -INFO - openurl
2023-01-24 15:21:25,314 - 30 jully -INFO - text filled by phone number
2023-01-24 15:21:25,456 - 30 jully -INFO - signuped
2023-01-24 15:21:28,927 - 30 jully -INFO - password passed in text
2023-01-24 15:21:29,580 - 30 jully -INFO - clicked on submit
2023-01-24 15:48:18,379 - 30 jully -INFO - openurl
2023-01-24 15:48:21,538 - 30 jully -INFO - text filled by phone number
2023-01-24 15:48:25,446 - 30 jully -INFO - signuped
2023-01-24 15:48:28,723 - 30 jully -INFO - password passed in text
2023-01-24 15:48:28,845 - 30 jully -INFO - clicked on submit
2023-01-24 15:51:22,061 - 30 jully -INFO - openurl
2023-01-24 15:51:22,636 - 30 jully -INFO - text filled by phone number
2023-01-24 15:51:22,838 - 30 jully -INFO - signuped
2023-01-24 15:51:26,041 - 30 jully -INFO - password passed in text
2023-01-24 15:51:26,135 - 30 jully -INFO - clicked on submit
2023-01-24 15:52:39,586 - 30 jully -INFO - openurl
2023-01-24 15:52:39,927 - 30 jully -INFO - text filled by phone number
2023-01-24 15:52:40,135 - 30 jully -INFO - signuped
2023-01-24 15:52:43,336 - 30 jully -INFO - password passed in text
2023-01-24 15:52:43,431 - 30 jully -INFO - clicked on submit
2023-01-24 15:54:03,059 - 30 jully -INFO - openurl
2023-01-24 15:54:03,377 - 30 jully -INFO - text filled by phone number
2023-01-24 15:54:04,829 - 30 jully -INFO - signuped
2023-01-24 15:54:08,020 - 30 jully -INFO - password passed in text
2023-01-24 15:54:08,114 - 30 jully -INFO - clicked on submit
2023-01-24 15:58:29,939 - 30 jully -INFO - openurl
2023-01-24 15:58:30,263 - 30 jully -INFO - text filled by phone number
2023-01-24 15:58:31,643 - 30 jully -INFO - signuped
2023-01-24 15:58:34,844 - 30 jully -INFO - password passed in text
2023-01-24 15:58:34,947 - 30 jully -INFO - clicked on submit
2023-01-24 15:59:45,287 - 30 jully -INFO - openurl
2023-01-24 15:59:45,535 - 30 jully -INFO - text filled by phone number
2023-01-24 15:59:48,874 - 30 jully -INFO - signuped
2023-01-24 15:59:51,993 - 30 jully -INFO - password passed in text
2023-01-24 15:59:52,127 - 30 jully -INFO - clicked on submit
2023-01-24 16:00:37,987 - 30 jully -INFO - openurl
2023-01-24 16:00:38,399 - 30 jully -INFO - text filled by phone number
2023-01-24 16:00:39,575 - 30 jully -INFO - signuped
2023-01-24 16:00:42,797 - 30 jully -INFO - password passed in text
2023-01-24 16:00:42,911 - 30 jully -INFO - clicked on submit
2023-01-24 16:37:01,861 - 30 jully -INFO - openurl
2023-01-24 16:37:05,577 - 30 jully -INFO - text filled by phone number
2023-01-24 16:37:05,828 - 30 jully -INFO - signuped
2023-01-24 16:37:09,138 - 30 jully -INFO - password passed in text
2023-01-24 16:37:09,232 - 30 jully -INFO - clicked on submit
2023-01-24 16:38:20,746 - 30 jully -INFO - openurl
2023-01-24 16:38:21,150 - 30 jully -INFO - text filled by phone number
2023-01-24 16:38:23,010 - 30 jully -INFO - signuped
2023-01-24 16:38:26,149 - 30 jully -INFO - password passed in text
2023-01-24 16:38:26,253 - 30 jully -INFO - clicked on submit
2023-01-24 18:07:11,404 - 30 jully -INFO - openurl
2023-01-24 18:07:13,086 - 30 jully -INFO - text filled by phone number
2023-01-24 18:07:13,296 - 30 jully -INFO - signuped
2023-01-24 18:07:16,467 - 30 jully -INFO - password passed in text
2023-01-24 18:07:16,592 - 30 jully -INFO - clicked on submit
2023-01-24 18:12:06,359 - 30 jully -INFO - openurl
2023-01-24 18:12:07,503 - 30 jully -INFO - text filled by phone number
2023-01-24 18:12:07,595 - 30 jully -INFO - signuped
2023-01-24 18:12:10,988 - 30 jully -INFO - password passed in text
2023-01-24 18:12:11,255 - 30 jully -INFO - clicked on submit
2023-01-24 18:14:49,619 - 30 jully -INFO - openurl
2023-01-24 18:14:50,314 - 30 jully -INFO - text filled by phone number
2023-01-24 18:14:50,412 - 30 jully -INFO - signuped
2023-01-24 18:14:53,547 - 30 jully -INFO - password passed in text
2023-01-24 18:14:53,646 - 30 jully -INFO - clicked on submit
2023-01-24 18:15:18,511 - 30 jully -INFO - clicked on popup
2023-01-24 18:15:22,988 - 30 jully -INFO - moved to ravi
2023-01-24 18:15:26,183 - 30 jully -INFO - clicked on topup
2023-01-24 18:15:26,475 - 30 jully -INFO - clicked on update accont
2023-01-24 18:15:26,683 - 30 jully -INFO - clicked on cancel
2023-01-24 18:41:36,379 - 30 jully -INFO - openurl
2023-01-24 18:41:37,087 - 30 jully -INFO - text filled by phone number
2023-01-24 18:41:37,185 - 30 jully -INFO - signuped
2023-01-24 18:41:40,301 - 30 jully -INFO - password passed in text
2023-01-24 18:41:40,397 - 30 jully -INFO - clicked on submit
2023-01-24 18:41:51,282 - 30 jully -INFO - clicked on popup
2023-01-24 18:41:54,576 - 30 jully -INFO - moved to ravi
2023-01-24 18:41:57,742 - 30 jully -INFO - clicked on topup
2023-01-24 18:41:58,003 - 30 jully -INFO - clicked on update accont
2023-01-24 18:44:21,024 - 30 jully -INFO - openurl
2023-01-24 18:44:21,793 - 30 jully -INFO - text filled by phone number
2023-01-24 18:44:21,919 - 30 jully -INFO - signuped
2023-01-24 18:44:25,077 - 30 jully -INFO - password passed in text
2023-01-24 18:44:25,190 - 30 jully -INFO - clicked on submit
2023-01-24 18:44:34,251 - 30 jully -INFO - clicked on popup
2023-01-24 18:44:37,485 - 30 jully -INFO - moved to ravi
2023-01-24 18:47:35,356 - 30 jully -INFO - openurl
2023-01-24 18:47:35,838 - 30 jully -INFO - text filled by phone number
2023-01-24 18:47:35,971 - 30 jully -INFO - signuped
2023-01-24 18:47:39,328 - 30 jully -INFO - password passed in text
2023-01-24 18:47:39,531 - 30 jully -INFO - clicked on submit
2023-01-24 18:47:48,503 - 30 jully -INFO - clicked on popup
2023-01-24 18:47:51,948 - 30 jully -INFO - moved to ravi
2023-01-24 18:47:55,124 - 30 jully -INFO - clicked on topup
2023-01-24 18:47:55,422 - 30 jully -INFO - clicked on update accont
2023-01-24 18:47:55,616 - 30 jully -INFO - clicked on cancel
2023-01-24 19:19:22,382 - 30 jully -INFO - openurl
2023-01-24 19:19:22,922 - 30 jully -INFO - text filled by phone number
2023-01-24 19:19:24,495 - 30 jully -INFO - signuped
2023-01-24 19:19:27,657 - 30 jully -INFO - password passed in text
2023-01-24 19:19:27,772 - 30 jully -INFO - clicked on submit
2023-01-24 21:32:17,201 - 30 jully -INFO - openurl
2023-01-24 21:32:19,927 - 30 jully -INFO - text filled by phone number
2023-01-24 21:32:20,256 - 30 jully -INFO - signuped
2023-01-24 21:32:25,162 - 30 jully -INFO - password passed in text
2023-01-24 21:32:25,253 - 30 jully -INFO - clicked on submit
2023-01-24 21:32:55,856 - 30 jully -INFO - open neo URL
2023-01-24 21:32:56,025 - 30 jully -INFO - enter user phonenumber
2023-01-24 21:32:56,376 - 30 jully -INFO - clicked on signup
2023-01-24 21:32:59,519 - 30 jully -INFO - enter the password
2023-01-24 21:32:59,642 - 30 jully -INFO - clicked on submit 
2023-01-24 21:32:59,696 - 30 jully -INFO - login sucess
2023-01-24 21:34:34,674 - 30 jully -INFO - openurl
2023-01-24 21:34:35,817 - 30 jully -INFO - text filled by phone number
2023-01-24 21:34:38,231 - 30 jully -INFO - signuped
2023-01-24 21:34:41,358 - 30 jully -INFO - password passed in text
2023-01-24 21:34:41,458 - 30 jully -INFO - clicked on submit
2023-01-25 19:43:44,320 - 30 jully -INFO - openurl
2023-01-25 19:43:45,190 - 30 jully -INFO - text filled by phone number
2023-01-25 19:43:49,875 - 30 jully -INFO - signuped
2023-01-25 19:43:53,144 - 30 jully -INFO - password passed in text
2023-01-25 19:43:53,236 - 30 jully -INFO - clicked on submit
2023-01-25 19:44:26,429 - 30 jully -INFO - clicked on popup
2023-01-25 19:44:30,497 - 30 jully -INFO - moved to ravi
2023-01-25 19:44:33,672 - 30 jully -INFO - clicked on topup
2023-01-25 19:44:33,954 - 30 jully -INFO - clicked on update accont
2023-01-25 19:44:34,148 - 30 jully -INFO - clicked on cancel
2023-01-25 22:19:07,567 - 30 jully -INFO - openurl
2023-01-25 22:19:09,105 - 30 jully -INFO - text filled by phone number
2023-01-25 22:19:09,949 - 30 jully -INFO - signuped
2023-01-25 22:19:15,650 - 30 jully -INFO - password passed in text
2023-01-25 22:19:15,741 - 30 jully -INFO - clicked on submit
2023-01-25 22:23:33,973 - 30 jully -INFO - openurl
2023-01-25 22:23:36,547 - 30 jully -INFO - text filled by phone number
2023-01-25 22:23:36,941 - 30 jully -INFO - signuped
2023-01-25 22:23:40,090 - 30 jully -INFO - password passed in text
2023-01-25 22:23:40,211 - 30 jully -INFO - clicked on submit
2023-01-25 22:24:30,120 - 30 jully -INFO - openurl
2023-01-25 22:24:31,322 - 30 jully -INFO - text filled by phone number
2023-01-25 22:24:33,332 - 30 jully -INFO - signuped
2023-01-25 22:24:42,787 - 30 jully -INFO - password passed in text
2023-01-25 22:24:42,870 - 30 jully -INFO - clicked on submit
2023-01-25 22:25:22,541 - 30 jully -INFO - openurl
2023-01-25 22:25:22,737 - 30 jully -INFO - text filled by phone number
2023-01-25 22:25:27,464 - 30 jully -INFO - signuped
2023-01-25 22:25:32,365 - 30 jully -INFO - password passed in text
2023-01-25 22:25:32,452 - 30 jully -INFO - clicked on submit
