2023-01-20 14:57:05,419 [main] INFO 30 jully - open neo URL
2023-01-20 14:57:07,353 [main] INFO 30 jully - enter user number
2023-01-20 14:57:07,508 [main] INFO 30 jully - clicked on button
2023-01-20 14:57:07,565 [main] INFO 30 jully - login sucess
2023-01-20 16:13:42,373 [main] INFO 30 jully - open neo URL
2023-01-20 16:13:44,969 [main] INFO 30 jully - enter user number
2023-01-20 16:13:45,607 [main] INFO 30 jully - clicked on button
2023-01-20 16:13:45,669 [main] INFO 30 jully - login test sucess
2023-01-20 17:00:48,479 [main] INFO 30 jully - open neo URL
2023-01-20 17:00:50,940 [main] INFO 30 jully - enter user number
2023-01-20 17:00:51,340 [main] INFO 30 jully - clicked on button
2023-01-20 17:00:51,414 [main] INFO 30 jully - login sucess
2023-01-20 17:07:41,513 [main] INFO 30 jully - open neo URL
2023-01-20 17:07:43,444 [main] INFO 30 jully - enter user number
2023-01-20 17:07:49,302 [main] INFO 30 jully - clicked on button
2023-01-20 17:07:49,575 [main] INFO 30 jully - login sucess
2023-01-20 17:25:11,008 [main] INFO 30 jully - open neo URL
2023-01-20 17:25:21,785 [main] INFO 30 jully - enter user number
2023-01-20 17:25:28,712 [main] INFO 30 jully - clicked on signup
2023-01-20 17:25:28,786 [main] INFO 30 jully - login sucess
2023-01-20 17:29:00,802 [main] INFO 30 jully - open neo URL
2023-01-20 17:29:01,078 [main] INFO 30 jully - enter user number
2023-01-20 17:29:07,818 [main] INFO 30 jully - clicked on signup
2023-01-20 17:29:07,922 [main] INFO 30 jully - login sucess
2023-01-20 17:29:08,720 [main] INFO 30 jully - enter the password
2023-01-20 17:33:52,324 [main] INFO 30 jully - open neo URL
2023-01-20 17:33:53,966 [main] INFO 30 jully - enter user number
2023-01-20 17:33:58,125 [main] INFO 30 jully - clicked on signup
2023-01-20 17:33:58,311 [main] INFO 30 jully - login sucess
2023-01-20 17:33:58,438 [main] INFO 30 jully - enter the password
2023-01-20 17:36:56,432 [main] INFO 30 jully - open neo URL
2023-01-20 17:36:58,604 [main] INFO 30 jully - enter user number
2023-01-20 17:37:09,399 [main] INFO 30 jully - clicked on signup
2023-01-20 17:37:09,438 [main] INFO 30 jully - login sucess
2023-01-20 17:37:09,589 [main] INFO 30 jully - enter the password
2023-01-20 17:45:15,975 [main] INFO 30 jully - open neo URL
2023-01-20 17:45:17,871 [main] INFO 30 jully - enter user number
2023-01-20 17:45:23,047 [main] INFO 30 jully - clicked on signup
2023-01-20 17:45:23,246 [main] INFO 30 jully - login sucess
2023-01-20 17:45:23,453 [main] INFO 30 jully - enter the password
2023-01-20 17:48:51,357 [main] INFO 30 jully - open neo URL
2023-01-20 17:49:01,986 [main] INFO 30 jully - enter user phonenumber
2023-01-20 17:49:07,486 [main] INFO 30 jully - clicked on signup
2023-01-20 17:49:07,618 [main] INFO 30 jully - login sucess
2023-01-20 17:49:11,064 [main] INFO 30 jully - enter the password
2023-01-20 18:57:24,503 [main] INFO 30 jully - open neo URL
2023-01-20 18:57:41,836 [main] INFO 30 jully - enter user phonenumber
2023-01-20 18:58:05,688 [main] INFO 30 jully - clicked on signup
2023-01-20 18:58:05,810 [main] INFO 30 jully - login sucess
2023-01-20 18:58:13,673 [main] INFO 30 jully - enter the password
2023-01-20 19:06:14,131 [main] INFO 30 jully - open neo URL
2023-01-20 19:06:17,875 [main] INFO 30 jully - enter user phonenumber
2023-01-20 19:06:21,225 [main] INFO 30 jully - clicked on signup
2023-01-20 19:06:21,280 [main] INFO 30 jully - login sucess
2023-01-20 19:06:24,517 [main] INFO 30 jully - enter the password
2023-01-20 19:14:14,043 [main] INFO 30 jully - open neo URL
2023-01-20 19:14:19,286 [main] INFO 30 jully - enter user phonenumber
2023-01-20 20:52:20,576 [main] INFO 30 jully - open neo URL
2023-01-20 20:52:23,651 [main] INFO 30 jully - enter user phonenumber
2023-01-20 20:52:24,138 [main] INFO 30 jully - clicked on signup
2023-01-20 20:52:24,196 [main] INFO 30 jully - login sucess
2023-01-20 20:54:36,035 [main] INFO 30 jully - open neo URL
2023-01-20 20:54:45,913 [main] INFO 30 jully - enter user phonenumber
2023-01-20 20:54:48,129 [main] INFO 30 jully - clicked on signup
2023-01-20 20:54:49,510 [main] INFO 30 jully - login sucess
2023-01-20 20:54:51,950 [main] INFO 30 jully - enter the password
2023-01-21 15:36:42,169 [main] INFO 30 jully - open neo URL
2023-01-21 15:36:43,848 [main] INFO 30 jully - enter user phonenumber
2023-01-21 15:36:44,309 [main] INFO 30 jully - clicked on signup
2023-01-21 15:36:44,374 [main] INFO 30 jully - login sucess
2023-01-21 15:53:38,181 [main] INFO 30 jully - open neo URL
2023-01-21 15:53:39,485 [main] INFO 30 jully - enter user phonenumber
2023-01-21 15:53:39,710 [main] INFO 30 jully - clicked on signup
2023-01-21 15:53:39,788 [main] INFO 30 jully - login sucess
2023-01-21 15:53:39,907 [main] INFO 30 jully - enter the password
2023-01-21 16:01:59,826 [main] INFO 30 jully - open neo URL
2023-01-21 16:02:03,997 [main] INFO 30 jully - enter user phonenumber
2023-01-21 16:02:04,994 [main] INFO 30 jully - clicked on signup
2023-01-21 16:02:05,037 [main] INFO 30 jully - login sucess
2023-01-21 16:02:05,147 [main] INFO 30 jully - enter the password
2023-01-21 16:02:12,375 [main] INFO 30 jully - clicked on submit 
2023-01-23 17:33:40,403 [main] INFO 30 jully - open neo URL
2023-01-23 17:33:42,151 [main] INFO 30 jully - enter user phonenumber
2023-01-23 17:33:43,410 [main] INFO 30 jully - clicked on signup
2023-01-23 17:45:00,484 [main] INFO 30 jully - open neo URL
2023-01-23 17:45:04,547 [main] INFO 30 jully - enter user phonenumber
2023-01-23 17:45:05,655 [main] INFO 30 jully - clicked on signup
2023-01-23 17:46:51,211 [main] INFO 30 jully - open neo URL
2023-01-23 17:46:53,517 [main] INFO 30 jully - enter user phonenumber
2023-01-23 17:46:57,570 [main] INFO 30 jully - clicked on signup
2023-01-23 17:46:57,848 [main] INFO 30 jully - enter the password
2023-01-23 17:46:59,861 [main] INFO 30 jully - clicked on submit 
2023-01-23 17:49:18,897 [main] INFO 30 jully - open neo URL
2023-01-23 17:49:20,708 [main] INFO 30 jully - enter user phonenumber
2023-01-23 17:49:21,406 [main] INFO 30 jully - clicked on signup
2023-01-23 17:49:21,507 [main] INFO 30 jully - enter the password
2023-01-23 17:49:22,985 [main] INFO 30 jully - clicked on submit 
2023-01-23 17:51:38,912 [main] INFO 30 jully - open neo URL
2023-01-23 17:51:39,600 [main] INFO 30 jully - enter user phonenumber
2023-01-23 17:51:51,035 [main] INFO 30 jully - clicked on signup
2023-01-23 17:51:51,415 [main] INFO 30 jully - enter the password
2023-01-23 17:51:52,097 [main] INFO 30 jully - clicked on submit 
2023-01-23 17:55:16,467 [main] INFO 30 jully - open neo URL
2023-01-23 17:55:20,436 [main] INFO 30 jully - enter user phonenumber
2023-01-23 17:55:21,413 [main] INFO 30 jully - clicked on signup
2023-01-23 17:57:49,393 [main] INFO 30 jully - open neo URL
2023-01-23 17:57:50,762 [main] INFO 30 jully - enter user phonenumber
2023-01-23 17:57:51,178 [main] INFO 30 jully - clicked on signup
2023-01-23 17:57:53,178 [main] INFO 30 jully - enter the password
2023-01-23 17:57:53,276 [main] INFO 30 jully - clicked on submit 
2023-01-23 19:32:51,364 [main] INFO 30 jully - open neo URL
2023-01-23 19:32:55,365 [main] INFO 30 jully - enter user phonenumber
2023-01-23 19:32:55,664 [main] INFO 30 jully - clicked on signup
2023-01-23 19:32:55,788 [main] INFO 30 jully - enter the password
2023-01-23 19:32:58,060 [main] INFO 30 jully - clicked on submit 
2023-01-23 19:34:14,931 [main] INFO 30 jully - open neo URL
2023-01-23 19:34:17,138 [main] INFO 30 jully - enter user phonenumber
2023-01-23 19:34:17,692 [main] INFO 30 jully - clicked on signup
2023-01-23 19:34:17,849 [main] INFO 30 jully - enter the password
2023-01-23 19:34:21,521 [main] INFO 30 jully - clicked on submit 
2023-01-23 19:36:09,886 [main] INFO 30 jully - open neo URL
2023-01-23 19:36:10,122 [main] INFO 30 jully - enter user phonenumber
2023-01-23 19:36:14,082 [main] INFO 30 jully - clicked on signup
2023-01-23 19:36:17,275 [main] INFO 30 jully - enter the password
2023-01-23 19:36:19,635 [main] INFO 30 jully - clicked on submit 
2023-01-23 19:37:41,440 [main] INFO 30 jully - open neo URL
2023-01-23 19:37:44,119 [main] INFO 30 jully - enter user phonenumber
2023-01-23 19:37:44,347 [main] INFO 30 jully - clicked on signup
2023-01-23 19:37:47,605 [main] INFO 30 jully - enter the password
2023-01-23 19:37:49,180 [main] INFO 30 jully - clicked on submit 
2023-01-23 19:41:51,463 [main] INFO 30 jully - open neo URL
2023-01-23 19:42:05,154 [main] INFO 30 jully - enter user phonenumber
2023-01-23 19:42:10,286 [main] INFO 30 jully - clicked on signup
2023-01-23 19:42:15,201 [main] INFO 30 jully - enter the password
2023-01-23 19:42:15,509 [main] INFO 30 jully - clicked on submit 
2023-01-23 19:45:10,926 [main] INFO 30 jully - open neo URL
2023-01-23 19:45:11,138 [main] INFO 30 jully - enter user phonenumber
2023-01-23 19:45:12,756 [main] INFO 30 jully - clicked on signup
2023-01-23 19:45:16,055 [main] INFO 30 jully - enter the password
2023-01-23 19:45:16,330 [main] INFO 30 jully - clicked on submit 
2023-01-23 19:46:22,161 [main] INFO 30 jully - open neo URL
2023-01-23 19:46:22,426 [main] INFO 30 jully - enter user phonenumber
2023-01-23 19:46:24,275 [main] INFO 30 jully - clicked on signup
2023-01-23 19:46:27,550 [main] INFO 30 jully - enter the password
2023-01-23 19:46:28,812 [main] INFO 30 jully - clicked on submit 
2023-01-23 19:46:28,869 [main] INFO 30 jully - login sucess
2023-01-23 21:55:47,583 [main] INFO 30 jully - openurl
2023-01-23 21:56:03,632 [main] INFO 30 jully - text filled by phone number
2023-01-23 21:56:04,408 [main] INFO 30 jully - signuped
2023-01-23 21:56:04,538 [main] INFO 30 jully - password passed in text
2023-01-23 21:56:17,348 [main] INFO 30 jully - clicked on submit
2023-01-23 22:08:32,508 [main] INFO 30 jully - openurl
2023-01-23 22:08:37,787 [main] INFO 30 jully - text filled by phone number
2023-01-23 22:08:38,759 [main] INFO 30 jully - signuped
2023-01-23 22:14:21,026 [main] INFO 30 jully - openurl
2023-01-23 22:14:22,734 [main] INFO 30 jully - text filled by phone number
2023-01-23 22:14:23,138 [main] INFO 30 jully - signuped
2023-01-23 22:14:23,243 [main] INFO 30 jully - password passed in text
2023-01-23 22:14:28,550 [main] INFO 30 jully - clicked on submit
2023-01-23 22:16:51,400 [main] INFO 30 jully - openurl
2023-01-23 22:16:53,881 [main] INFO 30 jully - text filled by phone number
2023-01-23 22:16:54,192 [main] INFO 30 jully - signuped
2023-01-23 22:17:06,191 [main] INFO 30 jully - password passed in text
2023-01-23 22:17:12,600 [main] INFO 30 jully - clicked on submit
2023-01-23 22:20:32,047 [main] INFO 30 jully - openurl
2023-01-23 22:20:33,376 [main] INFO 30 jully - text filled by phone number
2023-01-23 22:20:33,585 [main] INFO 30 jully - signuped
2023-01-23 22:20:36,725 [main] INFO 30 jully - password passed in text
2023-01-23 22:20:36,838 [main] INFO 30 jully - clicked on submit
2023-01-23 22:22:58,177 [main] INFO 30 jully - openurl
2023-01-23 22:22:58,789 [main] INFO 30 jully - text filled by phone number
2023-01-23 22:23:01,045 [main] INFO 30 jully - signuped
2023-01-23 22:23:04,286 [main] INFO 30 jully - password passed in text
2023-01-23 22:23:08,427 [main] INFO 30 jully - clicked on submit
2023-01-23 22:24:28,480 [main] INFO 30 jully - openurl
2023-01-23 22:24:28,853 [main] INFO 30 jully - text filled by phone number
2023-01-23 22:24:30,854 [main] INFO 30 jully - signuped
2023-01-23 22:24:34,011 [main] INFO 30 jully - password passed in text
2023-01-23 22:26:08,010 [main] INFO 30 jully - openurl
2023-01-23 22:26:15,085 [main] INFO 30 jully - text filled by phone number
2023-01-23 22:26:15,989 [main] INFO 30 jully - signuped
2023-01-23 22:26:22,944 [main] INFO 30 jully - password passed in text
2023-01-23 22:26:23,045 [main] INFO 30 jully - clicked on submit
2023-01-23 22:30:11,816 [main] INFO 30 jully - openurl
2023-01-23 22:30:13,203 [main] INFO 30 jully - text filled by phone number
2023-01-23 22:30:13,423 [main] INFO 30 jully - signuped
2023-01-23 22:30:16,736 [main] INFO 30 jully - password passed in text
2023-01-23 22:32:02,428 [main] INFO 30 jully - openurl
2023-01-23 22:32:09,497 [main] INFO 30 jully - text filled by phone number
2023-01-23 22:32:11,119 [main] INFO 30 jully - signuped
2023-01-23 22:32:18,013 [main] INFO 30 jully - password passed in text
2023-01-23 22:32:18,118 [main] INFO 30 jully - clicked on submit
2023-01-23 22:35:50,012 [main] INFO 30 jully - openurl
2023-01-23 22:35:56,858 [main] INFO 30 jully - text filled by phone number
2023-01-23 22:35:59,120 [main] INFO 30 jully - signuped
2023-01-23 22:36:02,521 [main] INFO 30 jully - password passed in text
2023-01-23 22:36:02,615 [main] INFO 30 jully - clicked on submit
2023-01-23 22:39:19,767 [main] INFO 30 jully - openurl
2023-01-23 22:39:20,169 [main] INFO 30 jully - text filled by phone number
2023-01-23 22:39:22,309 [main] INFO 30 jully - signuped
2023-01-23 22:39:25,540 [main] INFO 30 jully - password passed in text
2023-01-23 22:39:25,626 [main] INFO 30 jully - clicked on submit
2023-01-24 15:21:21,887 [main] INFO 30 jully - openurl
2023-01-24 15:21:25,314 [main] INFO 30 jully - text filled by phone number
2023-01-24 15:21:25,456 [main] INFO 30 jully - signuped
2023-01-24 15:21:28,927 [main] INFO 30 jully - password passed in text
2023-01-24 15:21:29,580 [main] INFO 30 jully - clicked on submit
2023-01-24 15:48:18,379 [main] INFO 30 jully - openurl
2023-01-24 15:48:21,538 [main] INFO 30 jully - text filled by phone number
2023-01-24 15:48:25,446 [main] INFO 30 jully - signuped
2023-01-24 15:48:28,723 [main] INFO 30 jully - password passed in text
2023-01-24 15:48:28,845 [main] INFO 30 jully - clicked on submit
2023-01-24 15:51:22,061 [main] INFO 30 jully - openurl
2023-01-24 15:51:22,636 [main] INFO 30 jully - text filled by phone number
2023-01-24 15:51:22,838 [main] INFO 30 jully - signuped
2023-01-24 15:51:26,041 [main] INFO 30 jully - password passed in text
2023-01-24 15:51:26,135 [main] INFO 30 jully - clicked on submit
2023-01-24 15:52:39,586 [main] INFO 30 jully - openurl
2023-01-24 15:52:39,927 [main] INFO 30 jully - text filled by phone number
2023-01-24 15:52:40,135 [main] INFO 30 jully - signuped
2023-01-24 15:52:43,336 [main] INFO 30 jully - password passed in text
2023-01-24 15:52:43,431 [main] INFO 30 jully - clicked on submit
2023-01-24 15:54:03,059 [main] INFO 30 jully - openurl
2023-01-24 15:54:03,377 [main] INFO 30 jully - text filled by phone number
2023-01-24 15:54:04,829 [main] INFO 30 jully - signuped
2023-01-24 15:54:08,020 [main] INFO 30 jully - password passed in text
2023-01-24 15:54:08,114 [main] INFO 30 jully - clicked on submit
2023-01-24 15:58:29,939 [main] INFO 30 jully - openurl
2023-01-24 15:58:30,263 [main] INFO 30 jully - text filled by phone number
2023-01-24 15:58:31,643 [main] INFO 30 jully - signuped
2023-01-24 15:58:34,844 [main] INFO 30 jully - password passed in text
2023-01-24 15:58:34,947 [main] INFO 30 jully - clicked on submit
2023-01-24 15:59:45,287 [main] INFO 30 jully - openurl
2023-01-24 15:59:45,535 [main] INFO 30 jully - text filled by phone number
2023-01-24 15:59:48,874 [main] INFO 30 jully - signuped
2023-01-24 15:59:51,993 [main] INFO 30 jully - password passed in text
2023-01-24 15:59:52,127 [main] INFO 30 jully - clicked on submit
2023-01-24 16:00:37,987 [main] INFO 30 jully - openurl
2023-01-24 16:00:38,399 [main] INFO 30 jully - text filled by phone number
2023-01-24 16:00:39,575 [main] INFO 30 jully - signuped
2023-01-24 16:00:42,797 [main] INFO 30 jully - password passed in text
2023-01-24 16:00:42,911 [main] INFO 30 jully - clicked on submit
2023-01-24 16:37:01,861 [main] INFO 30 jully - openurl
2023-01-24 16:37:05,577 [main] INFO 30 jully - text filled by phone number
2023-01-24 16:37:05,828 [main] INFO 30 jully - signuped
2023-01-24 16:37:09,138 [main] INFO 30 jully - password passed in text
2023-01-24 16:37:09,232 [main] INFO 30 jully - clicked on submit
2023-01-24 16:38:20,746 [main] INFO 30 jully - openurl
2023-01-24 16:38:21,150 [main] INFO 30 jully - text filled by phone number
2023-01-24 16:38:23,010 [main] INFO 30 jully - signuped
2023-01-24 16:38:26,149 [main] INFO 30 jully - password passed in text
2023-01-24 16:38:26,253 [main] INFO 30 jully - clicked on submit
2023-01-24 18:07:11,404 [main] INFO 30 jully - openurl
2023-01-24 18:07:13,086 [main] INFO 30 jully - text filled by phone number
2023-01-24 18:07:13,296 [main] INFO 30 jully - signuped
2023-01-24 18:07:16,467 [main] INFO 30 jully - password passed in text
2023-01-24 18:07:16,592 [main] INFO 30 jully - clicked on submit
2023-01-24 18:12:06,359 [main] INFO 30 jully - openurl
2023-01-24 18:12:07,503 [main] INFO 30 jully - text filled by phone number
2023-01-24 18:12:07,595 [main] INFO 30 jully - signuped
2023-01-24 18:12:10,988 [main] INFO 30 jully - password passed in text
2023-01-24 18:12:11,255 [main] INFO 30 jully - clicked on submit
2023-01-24 18:14:49,619 [main] INFO 30 jully - openurl
2023-01-24 18:14:50,314 [main] INFO 30 jully - text filled by phone number
2023-01-24 18:14:50,412 [main] INFO 30 jully - signuped
2023-01-24 18:14:53,547 [main] INFO 30 jully - password passed in text
2023-01-24 18:14:53,646 [main] INFO 30 jully - clicked on submit
2023-01-24 18:15:18,511 [main] INFO 30 jully - clicked on popup
2023-01-24 18:15:22,988 [main] INFO 30 jully - moved to ravi
2023-01-24 18:15:26,183 [main] INFO 30 jully - clicked on topup
2023-01-24 18:15:26,475 [main] INFO 30 jully - clicked on update accont
2023-01-24 18:15:26,683 [main] INFO 30 jully - clicked on cancel
2023-01-24 18:41:36,379 [main] INFO 30 jully - openurl
2023-01-24 18:41:37,087 [main] INFO 30 jully - text filled by phone number
2023-01-24 18:41:37,185 [main] INFO 30 jully - signuped
2023-01-24 18:41:40,301 [main] INFO 30 jully - password passed in text
2023-01-24 18:41:40,397 [main] INFO 30 jully - clicked on submit
2023-01-24 18:41:51,282 [main] INFO 30 jully - clicked on popup
2023-01-24 18:41:54,576 [main] INFO 30 jully - moved to ravi
2023-01-24 18:41:57,742 [main] INFO 30 jully - clicked on topup
2023-01-24 18:41:58,003 [main] INFO 30 jully - clicked on update accont
2023-01-24 18:44:21,024 [main] INFO 30 jully - openurl
2023-01-24 18:44:21,793 [main] INFO 30 jully - text filled by phone number
2023-01-24 18:44:21,919 [main] INFO 30 jully - signuped
2023-01-24 18:44:25,077 [main] INFO 30 jully - password passed in text
2023-01-24 18:44:25,190 [main] INFO 30 jully - clicked on submit
2023-01-24 18:44:34,251 [main] INFO 30 jully - clicked on popup
2023-01-24 18:44:37,485 [main] INFO 30 jully - moved to ravi
2023-01-24 18:47:35,356 [main] INFO 30 jully - openurl
2023-01-24 18:47:35,838 [main] INFO 30 jully - text filled by phone number
2023-01-24 18:47:35,971 [main] INFO 30 jully - signuped
2023-01-24 18:47:39,328 [main] INFO 30 jully - password passed in text
2023-01-24 18:47:39,531 [main] INFO 30 jully - clicked on submit
2023-01-24 18:47:48,503 [main] INFO 30 jully - clicked on popup
2023-01-24 18:47:51,948 [main] INFO 30 jully - moved to ravi
2023-01-24 18:47:55,124 [main] INFO 30 jully - clicked on topup
2023-01-24 18:47:55,422 [main] INFO 30 jully - clicked on update accont
2023-01-24 18:47:55,616 [main] INFO 30 jully - clicked on cancel
2023-01-24 19:19:22,382 [main] INFO 30 jully - openurl
2023-01-24 19:19:22,922 [main] INFO 30 jully - text filled by phone number
2023-01-24 19:19:24,495 [main] INFO 30 jully - signuped
2023-01-24 19:19:27,657 [main] INFO 30 jully - password passed in text
2023-01-24 19:19:27,772 [main] INFO 30 jully - clicked on submit
2023-01-24 21:32:17,201 [main] INFO 30 jully - openurl
2023-01-24 21:32:19,927 [main] INFO 30 jully - text filled by phone number
2023-01-24 21:32:20,256 [main] INFO 30 jully - signuped
2023-01-24 21:32:25,162 [main] INFO 30 jully - password passed in text
2023-01-24 21:32:25,253 [main] INFO 30 jully - clicked on submit
2023-01-24 21:32:55,856 [main] INFO 30 jully - open neo URL
2023-01-24 21:32:56,025 [main] INFO 30 jully - enter user phonenumber
2023-01-24 21:32:56,376 [main] INFO 30 jully - clicked on signup
2023-01-24 21:32:59,519 [main] INFO 30 jully - enter the password
2023-01-24 21:32:59,642 [main] INFO 30 jully - clicked on submit 
2023-01-24 21:32:59,696 [main] INFO 30 jully - login sucess
2023-01-24 21:34:34,674 [main] INFO 30 jully - openurl
2023-01-24 21:34:35,817 [main] INFO 30 jully - text filled by phone number
2023-01-24 21:34:38,231 [main] INFO 30 jully - signuped
2023-01-24 21:34:41,358 [main] INFO 30 jully - password passed in text
2023-01-24 21:34:41,458 [main] INFO 30 jully - clicked on submit
2023-01-25 19:43:44,320 [main] INFO 30 jully - openurl
2023-01-25 19:43:45,190 [main] INFO 30 jully - text filled by phone number
2023-01-25 19:43:49,875 [main] INFO 30 jully - signuped
2023-01-25 19:43:53,144 [main] INFO 30 jully - password passed in text
2023-01-25 19:43:53,236 [main] INFO 30 jully - clicked on submit
2023-01-25 19:44:26,429 [main] INFO 30 jully - clicked on popup
2023-01-25 19:44:30,497 [main] INFO 30 jully - moved to ravi
2023-01-25 19:44:33,672 [main] INFO 30 jully - clicked on topup
2023-01-25 19:44:33,954 [main] INFO 30 jully - clicked on update accont
2023-01-25 19:44:34,148 [main] INFO 30 jully - clicked on cancel
2023-01-25 22:19:07,567 [main] INFO 30 jully - openurl
2023-01-25 22:19:09,105 [main] INFO 30 jully - text filled by phone number
2023-01-25 22:19:09,949 [main] INFO 30 jully - signuped
2023-01-25 22:19:15,650 [main] INFO 30 jully - password passed in text
2023-01-25 22:19:15,741 [main] INFO 30 jully - clicked on submit
2023-01-25 22:23:33,973 [main] INFO 30 jully - openurl
2023-01-25 22:23:36,547 [main] INFO 30 jully - text filled by phone number
2023-01-25 22:23:36,941 [main] INFO 30 jully - signuped
2023-01-25 22:23:40,090 [main] INFO 30 jully - password passed in text
2023-01-25 22:23:40,211 [main] INFO 30 jully - clicked on submit
2023-01-25 22:24:30,120 [main] INFO 30 jully - openurl
2023-01-25 22:24:31,322 [main] INFO 30 jully - text filled by phone number
2023-01-25 22:24:33,332 [main] INFO 30 jully - signuped
2023-01-25 22:24:42,787 [main] INFO 30 jully - password passed in text
2023-01-25 22:24:42,870 [main] INFO 30 jully - clicked on submit
2023-01-25 22:25:22,541 [main] INFO 30 jully - openurl
2023-01-25 22:25:22,737 [main] INFO 30 jully - text filled by phone number
2023-01-25 22:25:27,464 [main] INFO 30 jully - signuped
2023-01-25 22:25:32,365 [main] INFO 30 jully - password passed in text
2023-01-25 22:25:32,452 [main] INFO 30 jully - clicked on submit
